build/app/intermediates/manifest_merge_blame_file/debug/processDebugMainManifest/manifest-merger-blame-debug-report.txt
1<?xml version="1.0" encoding="utf-8"?>
2<manifest xmlns:android="http://schemas.android.com/apk/res/android"
3    package="com.example.rhythm_game_scheduler"
4    android:versionCode="1"
5    android:versionName="1.0.0" >
6
7    <uses-sdk
8        android:minSdkVersion="21"
9        android:targetSdkVersion="35" />
10    <!--
11         The INTERNET permission is required for development. Specifically,
12         the Flutter tool needs it to communicate with the running application
13         to allow setting breakpoints, to provide hot reload, etc.
14    -->
15    <uses-permission android:name="android.permission.INTERNET" />
15-->src\debug\AndroidManifest.xml:6:5-66
15-->src\debug\AndroidManifest.xml:6:22-64
16    <!--
17     Required to query activities that can process text, see:
18         https://developer.android.com/training/package-visibility and
19         https://developer.android.com/reference/android/content/Intent#ACTION_PROCESS_TEXT.
20
21         In particular, this is used by the Flutter engine in io.flutter.plugin.text.ProcessTextPlugin.
22    -->
23    <queries>
23-->src\main\AndroidManifest.xml:42:5-47:15
24        <intent>
24-->src\main\AndroidManifest.xml:43:9-46:18
25            <action android:name="android.intent.action.PROCESS_TEXT" />
25-->src\main\AndroidManifest.xml:44:13-72
25-->src\main\AndroidManifest.xml:44:21-70
26
27            <data android:mimeType="text/plain" />
27-->src\main\AndroidManifest.xml:45:13-50
27-->src\main\AndroidManifest.xml:45:19-48
28        </intent>
29        <!-- For browser content -->
30        <intent>
30-->[com.google.android.gms:play-services-ads-lite:23.6.0] AndroidManifest.xml:38:9-44:18
31            <action android:name="android.intent.action.VIEW" />
31-->[com.google.android.gms:play-services-ads-lite:23.6.0] AndroidManifest.xml:39:13-65
31-->[com.google.android.gms:play-services-ads-lite:23.6.0] AndroidManifest.xml:39:21-62
32
33            <category android:name="android.intent.category.BROWSABLE" />
33-->[com.google.android.gms:play-services-ads-lite:23.6.0] AndroidManifest.xml:41:13-74
33-->[com.google.android.gms:play-services-ads-lite:23.6.0] AndroidManifest.xml:41:23-71
34
35            <data android:scheme="https" />
35-->src\main\AndroidManifest.xml:45:13-50
36        </intent> <!-- End of browser content -->
37        <!-- For CustomTabsService -->
38        <intent>
38-->[com.google.android.gms:play-services-ads-lite:23.6.0] AndroidManifest.xml:47:9-49:18
39            <action android:name="android.support.customtabs.action.CustomTabsService" />
39-->[com.google.android.gms:play-services-ads-lite:23.6.0] AndroidManifest.xml:48:13-90
39-->[com.google.android.gms:play-services-ads-lite:23.6.0] AndroidManifest.xml:48:21-87
40        </intent> <!-- End of CustomTabsService -->
41        <!-- For MRAID capabilities -->
42        <intent>
42-->[com.google.android.gms:play-services-ads-lite:23.6.0] AndroidManifest.xml:52:9-56:18
43            <action android:name="android.intent.action.INSERT" />
43-->[com.google.android.gms:play-services-ads-lite:23.6.0] AndroidManifest.xml:53:13-67
43-->[com.google.android.gms:play-services-ads-lite:23.6.0] AndroidManifest.xml:53:21-64
44
45            <data android:mimeType="vnd.android.cursor.dir/event" />
45-->src\main\AndroidManifest.xml:45:13-50
45-->src\main\AndroidManifest.xml:45:19-48
46        </intent>
47        <intent>
47-->[com.google.android.gms:play-services-ads-lite:23.6.0] AndroidManifest.xml:57:9-61:18
48            <action android:name="android.intent.action.VIEW" />
48-->[com.google.android.gms:play-services-ads-lite:23.6.0] AndroidManifest.xml:39:13-65
48-->[com.google.android.gms:play-services-ads-lite:23.6.0] AndroidManifest.xml:39:21-62
49
50            <data android:scheme="sms" />
50-->src\main\AndroidManifest.xml:45:13-50
51        </intent>
52        <intent>
52-->[com.google.android.gms:play-services-ads-lite:23.6.0] AndroidManifest.xml:62:9-66:18
53            <action android:name="android.intent.action.DIAL" />
53-->[com.google.android.gms:play-services-ads-lite:23.6.0] AndroidManifest.xml:63:13-65
53-->[com.google.android.gms:play-services-ads-lite:23.6.0] AndroidManifest.xml:63:21-62
54
55            <data android:path="tel:" />
55-->src\main\AndroidManifest.xml:45:13-50
56        </intent>
57    </queries> <!-- Although the *SdkVersion is captured in gradle build files, this is required for non gradle builds -->
58    <!-- <uses-sdk android:minSdkVersion="21" /> -->
59    <uses-permission android:name="android.permission.ACCESS_NETWORK_STATE" />
59-->[com.google.firebase:firebase-firestore:25.1.2] AndroidManifest.xml:10:5-79
59-->[com.google.firebase:firebase-firestore:25.1.2] AndroidManifest.xml:10:22-76
60    <uses-permission android:name="android.permission.VIBRATE" />
60-->[:flutter_local_notifications] AndroidManifest.xml:7:5-66
60-->[:flutter_local_notifications] AndroidManifest.xml:7:22-63
61    <uses-permission android:name="android.permission.POST_NOTIFICATIONS" />
61-->[:flutter_local_notifications] AndroidManifest.xml:8:5-77
61-->[:flutter_local_notifications] AndroidManifest.xml:8:22-74
62    <uses-permission android:name="com.google.android.gms.permission.AD_ID" />
62-->[com.google.android.gms:play-services-ads-lite:23.6.0] AndroidManifest.xml:26:5-79
62-->[com.google.android.gms:play-services-ads-lite:23.6.0] AndroidManifest.xml:26:22-76
63    <uses-permission android:name="android.permission.ACCESS_ADSERVICES_AD_ID" />
63-->[com.google.android.gms:play-services-ads-lite:23.6.0] AndroidManifest.xml:27:5-82
63-->[com.google.android.gms:play-services-ads-lite:23.6.0] AndroidManifest.xml:27:22-79
64    <uses-permission android:name="android.permission.ACCESS_ADSERVICES_ATTRIBUTION" />
64-->[com.google.android.gms:play-services-ads-lite:23.6.0] AndroidManifest.xml:28:5-88
64-->[com.google.android.gms:play-services-ads-lite:23.6.0] AndroidManifest.xml:28:22-85
65    <uses-permission android:name="android.permission.ACCESS_ADSERVICES_TOPICS" />
65-->[com.google.android.gms:play-services-ads-lite:23.6.0] AndroidManifest.xml:29:5-83
65-->[com.google.android.gms:play-services-ads-lite:23.6.0] AndroidManifest.xml:29:22-80
66    <uses-permission android:name="android.permission.WAKE_LOCK" />
66-->[androidx.work:work-runtime:2.7.0] AndroidManifest.xml:25:5-68
66-->[androidx.work:work-runtime:2.7.0] AndroidManifest.xml:25:22-65
67    <uses-permission android:name="android.permission.FOREGROUND_SERVICE" />
67-->[androidx.work:work-runtime:2.7.0] AndroidManifest.xml:28:5-77
67-->[androidx.work:work-runtime:2.7.0] AndroidManifest.xml:28:22-74
68
69    <permission
69-->[androidx.core:core:1.13.1] AndroidManifest.xml:22:5-24:47
70        android:name="com.example.rhythm_game_scheduler.DYNAMIC_RECEIVER_NOT_EXPORTED_PERMISSION"
70-->[androidx.core:core:1.13.1] AndroidManifest.xml:23:9-81
71        android:protectionLevel="signature" />
71-->[androidx.core:core:1.13.1] AndroidManifest.xml:24:9-44
72
73    <uses-permission android:name="com.example.rhythm_game_scheduler.DYNAMIC_RECEIVER_NOT_EXPORTED_PERMISSION" />
73-->[androidx.core:core:1.13.1] AndroidManifest.xml:26:5-97
73-->[androidx.core:core:1.13.1] AndroidManifest.xml:26:22-94
74
75    <application
76        android:name="android.app.Application"
77        android:appComponentFactory="androidx.core.app.CoreComponentFactory"
77-->[androidx.core:core:1.13.1] AndroidManifest.xml:28:18-86
78        android:debuggable="true"
79        android:extractNativeLibs="true"
80        android:icon="@mipmap/ic_launcher"
81        android:label="rhythm_game_scheduler" >
82        <activity
83            android:name="com.example.rhythm_game_scheduler.MainActivity"
84            android:configChanges="orientation|keyboardHidden|keyboard|screenSize|smallestScreenSize|locale|layoutDirection|fontScale|screenLayout|density|uiMode"
85            android:exported="true"
86            android:hardwareAccelerated="true"
87            android:launchMode="singleTop"
88            android:taskAffinity=""
89            android:theme="@style/LaunchTheme"
90            android:windowSoftInputMode="adjustResize" >
91
92            <!--
93                 Specifies an Android theme to apply to this Activity as soon as
94                 the Android process has started. This theme is visible to the user
95                 while the Flutter UI initializes. After that, this theme continues
96                 to determine the Window background behind the Flutter UI.
97            -->
98            <meta-data
99                android:name="io.flutter.embedding.android.NormalTheme"
100                android:resource="@style/NormalTheme" />
101
102            <intent-filter>
103                <action android:name="android.intent.action.MAIN" />
104
105                <category android:name="android.intent.category.LAUNCHER" />
106            </intent-filter>
107        </activity>
108        <!--
109             Don't delete the meta-data below.
110             This is used by the Flutter tool to generate GeneratedPluginRegistrant.java
111        -->
112        <meta-data
113            android:name="flutterEmbedding"
114            android:value="2" />
115        <meta-data
116            android:name="com.google.android.gms.ads.APPLICATION_ID"
117            android:value="ca-app-pub-3940256099942544~3347511713" />
118        <meta-data
118-->[:google_mobile_ads] AndroidManifest.xml:10:9-12:36
119            android:name="io.flutter.embedded_views_preview"
119-->[:google_mobile_ads] AndroidManifest.xml:11:13-61
120            android:value="true" />
120-->[:google_mobile_ads] AndroidManifest.xml:12:13-33
121
122        <service
122-->[:cloud_firestore] AndroidManifest.xml:8:9-12:19
123            android:name="com.google.firebase.components.ComponentDiscoveryService"
123-->[:cloud_firestore] AndroidManifest.xml:8:18-89
124            android:directBootAware="true"
124-->[com.google.firebase:firebase-common:21.0.0] AndroidManifest.xml:32:13-43
125            android:exported="false" >
125-->[com.google.firebase:firebase-firestore:25.1.2] AndroidManifest.xml:16:13-37
126            <meta-data
126-->[:cloud_firestore] AndroidManifest.xml:9:13-11:85
127                android:name="com.google.firebase.components:io.flutter.plugins.firebase.firestore.FlutterFirebaseFirestoreRegistrar"
127-->[:cloud_firestore] AndroidManifest.xml:10:17-134
128                android:value="com.google.firebase.components.ComponentRegistrar" />
128-->[:cloud_firestore] AndroidManifest.xml:11:17-82
129            <meta-data
129-->[:firebase_storage] AndroidManifest.xml:9:13-11:85
130                android:name="com.google.firebase.components:io.flutter.plugins.firebase.storage.FlutterFirebaseAppRegistrar"
130-->[:firebase_storage] AndroidManifest.xml:10:17-126
131                android:value="com.google.firebase.components.ComponentRegistrar" />
131-->[:firebase_storage] AndroidManifest.xml:11:17-82
132            <meta-data
132-->[:firebase_core] AndroidManifest.xml:9:13-11:85
133                android:name="com.google.firebase.components:io.flutter.plugins.firebase.core.FlutterFirebaseCoreRegistrar"
133-->[:firebase_core] AndroidManifest.xml:10:17-124
134                android:value="com.google.firebase.components.ComponentRegistrar" />
134-->[:firebase_core] AndroidManifest.xml:11:17-82
135            <meta-data
135-->[com.google.firebase:firebase-firestore:25.1.2] AndroidManifest.xml:17:13-19:85
136                android:name="com.google.firebase.components:com.google.firebase.firestore.FirebaseFirestoreKtxRegistrar"
136-->[com.google.firebase:firebase-firestore:25.1.2] AndroidManifest.xml:18:17-122
137                android:value="com.google.firebase.components.ComponentRegistrar" />
137-->[com.google.firebase:firebase-firestore:25.1.2] AndroidManifest.xml:19:17-82
138            <meta-data
138-->[com.google.firebase:firebase-firestore:25.1.2] AndroidManifest.xml:20:13-22:85
139                android:name="com.google.firebase.components:com.google.firebase.firestore.FirestoreRegistrar"
139-->[com.google.firebase:firebase-firestore:25.1.2] AndroidManifest.xml:21:17-111
140                android:value="com.google.firebase.components.ComponentRegistrar" />
140-->[com.google.firebase:firebase-firestore:25.1.2] AndroidManifest.xml:22:17-82
141            <meta-data
141-->[com.google.firebase:firebase-storage:21.0.1] AndroidManifest.xml:30:13-32:85
142                android:name="com.google.firebase.components:com.google.firebase.storage.FirebaseStorageKtxRegistrar"
142-->[com.google.firebase:firebase-storage:21.0.1] AndroidManifest.xml:31:17-118
143                android:value="com.google.firebase.components.ComponentRegistrar" />
143-->[com.google.firebase:firebase-storage:21.0.1] AndroidManifest.xml:32:17-82
144            <meta-data
144-->[com.google.firebase:firebase-storage:21.0.1] AndroidManifest.xml:33:13-35:85
145                android:name="com.google.firebase.components:com.google.firebase.storage.StorageRegistrar"
145-->[com.google.firebase:firebase-storage:21.0.1] AndroidManifest.xml:34:17-107
146                android:value="com.google.firebase.components.ComponentRegistrar" />
146-->[com.google.firebase:firebase-storage:21.0.1] AndroidManifest.xml:35:17-82
147            <meta-data
147-->[com.google.firebase:firebase-appcheck:18.0.0] AndroidManifest.xml:25:13-27:85
148                android:name="com.google.firebase.components:com.google.firebase.appcheck.FirebaseAppCheckKtxRegistrar"
148-->[com.google.firebase:firebase-appcheck:18.0.0] AndroidManifest.xml:26:17-120
149                android:value="com.google.firebase.components.ComponentRegistrar" />
149-->[com.google.firebase:firebase-appcheck:18.0.0] AndroidManifest.xml:27:17-82
150            <meta-data
150-->[com.google.firebase:firebase-appcheck:18.0.0] AndroidManifest.xml:28:13-30:85
151                android:name="com.google.firebase.components:com.google.firebase.appcheck.FirebaseAppCheckRegistrar"
151-->[com.google.firebase:firebase-appcheck:18.0.0] AndroidManifest.xml:29:17-117
152                android:value="com.google.firebase.components.ComponentRegistrar" />
152-->[com.google.firebase:firebase-appcheck:18.0.0] AndroidManifest.xml:30:17-82
153            <meta-data
153-->[com.google.firebase:firebase-common-ktx:21.0.0] AndroidManifest.xml:12:13-14:85
154                android:name="com.google.firebase.components:com.google.firebase.ktx.FirebaseCommonLegacyRegistrar"
154-->[com.google.firebase:firebase-common-ktx:21.0.0] AndroidManifest.xml:13:17-116
155                android:value="com.google.firebase.components.ComponentRegistrar" />
155-->[com.google.firebase:firebase-common-ktx:21.0.0] AndroidManifest.xml:14:17-82
156            <meta-data
156-->[com.google.firebase:firebase-common:21.0.0] AndroidManifest.xml:35:13-37:85
157                android:name="com.google.firebase.components:com.google.firebase.FirebaseCommonKtxRegistrar"
157-->[com.google.firebase:firebase-common:21.0.0] AndroidManifest.xml:36:17-109
158                android:value="com.google.firebase.components.ComponentRegistrar" />
158-->[com.google.firebase:firebase-common:21.0.0] AndroidManifest.xml:37:17-82
159        </service>
160
161        <activity
161-->[:url_launcher_android] AndroidManifest.xml:8:9-11:74
162            android:name="io.flutter.plugins.urllauncher.WebViewActivity"
162-->[:url_launcher_android] AndroidManifest.xml:9:13-74
163            android:exported="false"
163-->[:url_launcher_android] AndroidManifest.xml:10:13-37
164            android:theme="@android:style/Theme.NoTitleBar.Fullscreen" />
164-->[:url_launcher_android] AndroidManifest.xml:11:13-71
165
166        <uses-library
166-->[androidx.window:window:1.2.0] AndroidManifest.xml:23:9-25:40
167            android:name="androidx.window.extensions"
167-->[androidx.window:window:1.2.0] AndroidManifest.xml:24:13-54
168            android:required="false" />
168-->[androidx.window:window:1.2.0] AndroidManifest.xml:25:13-37
169        <uses-library
169-->[androidx.window:window:1.2.0] AndroidManifest.xml:26:9-28:40
170            android:name="androidx.window.sidecar"
170-->[androidx.window:window:1.2.0] AndroidManifest.xml:27:13-51
171            android:required="false" /> <!-- Include the AdActivity and InAppPurchaseActivity configChanges and themes. -->
171-->[androidx.window:window:1.2.0] AndroidManifest.xml:28:13-37
172        <activity
172-->[com.google.android.gms:play-services-ads-lite:23.6.0] AndroidManifest.xml:73:9-78:43
173            android:name="com.google.android.gms.ads.AdActivity"
173-->[com.google.android.gms:play-services-ads-lite:23.6.0] AndroidManifest.xml:74:13-65
174            android:configChanges="keyboard|keyboardHidden|orientation|screenLayout|uiMode|screenSize|smallestScreenSize"
174-->[com.google.android.gms:play-services-ads-lite:23.6.0] AndroidManifest.xml:75:13-122
175            android:exported="false"
175-->[com.google.android.gms:play-services-ads-lite:23.6.0] AndroidManifest.xml:76:13-37
176            android:theme="@android:style/Theme.Translucent" />
176-->[com.google.android.gms:play-services-ads-lite:23.6.0] AndroidManifest.xml:77:13-61
177
178        <provider
178-->[com.google.android.gms:play-services-ads-lite:23.6.0] AndroidManifest.xml:80:9-85:43
179            android:name="com.google.android.gms.ads.MobileAdsInitProvider"
179-->[com.google.android.gms:play-services-ads-lite:23.6.0] AndroidManifest.xml:81:13-76
180            android:authorities="com.example.rhythm_game_scheduler.mobileadsinitprovider"
180-->[com.google.android.gms:play-services-ads-lite:23.6.0] AndroidManifest.xml:82:13-73
181            android:exported="false"
181-->[com.google.android.gms:play-services-ads-lite:23.6.0] AndroidManifest.xml:83:13-37
182            android:initOrder="100" />
182-->[com.google.android.gms:play-services-ads-lite:23.6.0] AndroidManifest.xml:84:13-36
183
184        <service
184-->[com.google.android.gms:play-services-ads-lite:23.6.0] AndroidManifest.xml:87:9-91:43
185            android:name="com.google.android.gms.ads.AdService"
185-->[com.google.android.gms:play-services-ads-lite:23.6.0] AndroidManifest.xml:88:13-64
186            android:enabled="true"
186-->[com.google.android.gms:play-services-ads-lite:23.6.0] AndroidManifest.xml:89:13-35
187            android:exported="false" />
187-->[com.google.android.gms:play-services-ads-lite:23.6.0] AndroidManifest.xml:90:13-37
188
189        <activity
189-->[com.google.android.gms:play-services-ads-lite:23.6.0] AndroidManifest.xml:93:9-97:43
190            android:name="com.google.android.gms.ads.OutOfContextTestingActivity"
190-->[com.google.android.gms:play-services-ads-lite:23.6.0] AndroidManifest.xml:94:13-82
191            android:configChanges="keyboard|keyboardHidden|orientation|screenLayout|uiMode|screenSize|smallestScreenSize"
191-->[com.google.android.gms:play-services-ads-lite:23.6.0] AndroidManifest.xml:95:13-122
192            android:exported="false" />
192-->[com.google.android.gms:play-services-ads-lite:23.6.0] AndroidManifest.xml:96:13-37
193        <activity
193-->[com.google.android.gms:play-services-ads-lite:23.6.0] AndroidManifest.xml:98:9-105:43
194            android:name="com.google.android.gms.ads.NotificationHandlerActivity"
194-->[com.google.android.gms:play-services-ads-lite:23.6.0] AndroidManifest.xml:99:13-82
195            android:excludeFromRecents="true"
195-->[com.google.android.gms:play-services-ads-lite:23.6.0] AndroidManifest.xml:100:13-46
196            android:exported="false"
196-->[com.google.android.gms:play-services-ads-lite:23.6.0] AndroidManifest.xml:101:13-37
197            android:launchMode="singleTask"
197-->[com.google.android.gms:play-services-ads-lite:23.6.0] AndroidManifest.xml:102:13-44
198            android:taskAffinity=""
198-->[com.google.android.gms:play-services-ads-lite:23.6.0] AndroidManifest.xml:103:13-36
199            android:theme="@android:style/Theme.Translucent.NoTitleBar" />
199-->[com.google.android.gms:play-services-ads-lite:23.6.0] AndroidManifest.xml:104:13-72
200
201        <property
201-->[com.google.android.gms:play-services-ads-lite:23.6.0] AndroidManifest.xml:107:9-109:62
202            android:name="android.adservices.AD_SERVICES_CONFIG"
202-->[com.google.android.gms:play-services-ads-lite:23.6.0] AndroidManifest.xml:108:13-65
203            android:resource="@xml/gma_ad_services_config" />
203-->[com.google.android.gms:play-services-ads-lite:23.6.0] AndroidManifest.xml:109:13-59
204
205        <provider
205-->[com.google.firebase:firebase-common:21.0.0] AndroidManifest.xml:23:9-28:39
206            android:name="com.google.firebase.provider.FirebaseInitProvider"
206-->[com.google.firebase:firebase-common:21.0.0] AndroidManifest.xml:24:13-77
207            android:authorities="com.example.rhythm_game_scheduler.firebaseinitprovider"
207-->[com.google.firebase:firebase-common:21.0.0] AndroidManifest.xml:25:13-72
208            android:directBootAware="true"
208-->[com.google.firebase:firebase-common:21.0.0] AndroidManifest.xml:26:13-43
209            android:exported="false"
209-->[com.google.firebase:firebase-common:21.0.0] AndroidManifest.xml:27:13-37
210            android:initOrder="100" />
210-->[com.google.firebase:firebase-common:21.0.0] AndroidManifest.xml:28:13-36
211
212        <activity
212-->[com.google.android.gms:play-services-base:18.1.0] AndroidManifest.xml:20:9-22:45
213            android:name="com.google.android.gms.common.api.GoogleApiActivity"
213-->[com.google.android.gms:play-services-base:18.1.0] AndroidManifest.xml:20:19-85
214            android:exported="false"
214-->[com.google.android.gms:play-services-base:18.1.0] AndroidManifest.xml:22:19-43
215            android:theme="@android:style/Theme.Translucent.NoTitleBar" />
215-->[com.google.android.gms:play-services-base:18.1.0] AndroidManifest.xml:21:19-78
216
217        <provider
217-->[androidx.work:work-runtime:2.7.0] AndroidManifest.xml:31:9-39:20
218            android:name="androidx.startup.InitializationProvider"
218-->[androidx.work:work-runtime:2.7.0] AndroidManifest.xml:32:13-67
219            android:authorities="com.example.rhythm_game_scheduler.androidx-startup"
219-->[androidx.work:work-runtime:2.7.0] AndroidManifest.xml:33:13-68
220            android:exported="false" >
220-->[androidx.work:work-runtime:2.7.0] AndroidManifest.xml:34:13-37
221            <meta-data
221-->[androidx.work:work-runtime:2.7.0] AndroidManifest.xml:36:13-38:52
222                android:name="androidx.work.WorkManagerInitializer"
222-->[androidx.work:work-runtime:2.7.0] AndroidManifest.xml:37:17-68
223                android:value="androidx.startup" />
223-->[androidx.work:work-runtime:2.7.0] AndroidManifest.xml:38:17-49
224            <meta-data
224-->[androidx.lifecycle:lifecycle-process:2.7.0] AndroidManifest.xml:29:13-31:52
225                android:name="androidx.lifecycle.ProcessLifecycleInitializer"
225-->[androidx.lifecycle:lifecycle-process:2.7.0] AndroidManifest.xml:30:17-78
226                android:value="androidx.startup" />
226-->[androidx.lifecycle:lifecycle-process:2.7.0] AndroidManifest.xml:31:17-49
227            <meta-data
227-->[androidx.profileinstaller:profileinstaller:1.3.1] AndroidManifest.xml:29:13-31:52
228                android:name="androidx.profileinstaller.ProfileInstallerInitializer"
228-->[androidx.profileinstaller:profileinstaller:1.3.1] AndroidManifest.xml:30:17-85
229                android:value="androidx.startup" />
229-->[androidx.profileinstaller:profileinstaller:1.3.1] AndroidManifest.xml:31:17-49
230        </provider>
231
232        <service
232-->[androidx.work:work-runtime:2.7.0] AndroidManifest.xml:41:9-46:35
233            android:name="androidx.work.impl.background.systemalarm.SystemAlarmService"
233-->[androidx.work:work-runtime:2.7.0] AndroidManifest.xml:42:13-88
234            android:directBootAware="false"
234-->[androidx.work:work-runtime:2.7.0] AndroidManifest.xml:43:13-44
235            android:enabled="@bool/enable_system_alarm_service_default"
235-->[androidx.work:work-runtime:2.7.0] AndroidManifest.xml:44:13-72
236            android:exported="false" />
236-->[androidx.work:work-runtime:2.7.0] AndroidManifest.xml:45:13-37
237        <service
237-->[androidx.work:work-runtime:2.7.0] AndroidManifest.xml:47:9-53:35
238            android:name="androidx.work.impl.background.systemjob.SystemJobService"
238-->[androidx.work:work-runtime:2.7.0] AndroidManifest.xml:48:13-84
239            android:directBootAware="false"
239-->[androidx.work:work-runtime:2.7.0] AndroidManifest.xml:49:13-44
240            android:enabled="@bool/enable_system_job_service_default"
240-->[androidx.work:work-runtime:2.7.0] AndroidManifest.xml:50:13-70
241            android:exported="true"
241-->[androidx.work:work-runtime:2.7.0] AndroidManifest.xml:51:13-36
242            android:permission="android.permission.BIND_JOB_SERVICE" />
242-->[androidx.work:work-runtime:2.7.0] AndroidManifest.xml:52:13-69
243        <service
243-->[androidx.work:work-runtime:2.7.0] AndroidManifest.xml:54:9-59:35
244            android:name="androidx.work.impl.foreground.SystemForegroundService"
244-->[androidx.work:work-runtime:2.7.0] AndroidManifest.xml:55:13-81
245            android:directBootAware="false"
245-->[androidx.work:work-runtime:2.7.0] AndroidManifest.xml:56:13-44
246            android:enabled="@bool/enable_system_foreground_service_default"
246-->[androidx.work:work-runtime:2.7.0] AndroidManifest.xml:57:13-77
247            android:exported="false" />
247-->[androidx.work:work-runtime:2.7.0] AndroidManifest.xml:58:13-37
248
249        <receiver
249-->[androidx.work:work-runtime:2.7.0] AndroidManifest.xml:61:9-66:35
250            android:name="androidx.work.impl.utils.ForceStopRunnable$BroadcastReceiver"
250-->[androidx.work:work-runtime:2.7.0] AndroidManifest.xml:62:13-88
251            android:directBootAware="false"
251-->[androidx.work:work-runtime:2.7.0] AndroidManifest.xml:63:13-44
252            android:enabled="true"
252-->[androidx.work:work-runtime:2.7.0] AndroidManifest.xml:64:13-35
253            android:exported="false" />
253-->[androidx.work:work-runtime:2.7.0] AndroidManifest.xml:65:13-37
254        <receiver
254-->[androidx.work:work-runtime:2.7.0] AndroidManifest.xml:67:9-77:20
255            android:name="androidx.work.impl.background.systemalarm.ConstraintProxy$BatteryChargingProxy"
255-->[androidx.work:work-runtime:2.7.0] AndroidManifest.xml:68:13-106
256            android:directBootAware="false"
256-->[androidx.work:work-runtime:2.7.0] AndroidManifest.xml:69:13-44
257            android:enabled="false"
257-->[androidx.work:work-runtime:2.7.0] AndroidManifest.xml:70:13-36
258            android:exported="false" >
258-->[androidx.work:work-runtime:2.7.0] AndroidManifest.xml:71:13-37
259            <intent-filter>
259-->[androidx.work:work-runtime:2.7.0] AndroidManifest.xml:73:13-76:29
260                <action android:name="android.intent.action.ACTION_POWER_CONNECTED" />
260-->[androidx.work:work-runtime:2.7.0] AndroidManifest.xml:74:17-87
260-->[androidx.work:work-runtime:2.7.0] AndroidManifest.xml:74:25-84
261                <action android:name="android.intent.action.ACTION_POWER_DISCONNECTED" />
261-->[androidx.work:work-runtime:2.7.0] AndroidManifest.xml:75:17-90
261-->[androidx.work:work-runtime:2.7.0] AndroidManifest.xml:75:25-87
262            </intent-filter>
263        </receiver>
264        <receiver
264-->[androidx.work:work-runtime:2.7.0] AndroidManifest.xml:78:9-88:20
265            android:name="androidx.work.impl.background.systemalarm.ConstraintProxy$BatteryNotLowProxy"
265-->[androidx.work:work-runtime:2.7.0] AndroidManifest.xml:79:13-104
266            android:directBootAware="false"
266-->[androidx.work:work-runtime:2.7.0] AndroidManifest.xml:80:13-44
267            android:enabled="false"
267-->[androidx.work:work-runtime:2.7.0] AndroidManifest.xml:81:13-36
268            android:exported="false" >
268-->[androidx.work:work-runtime:2.7.0] AndroidManifest.xml:82:13-37
269            <intent-filter>
269-->[androidx.work:work-runtime:2.7.0] AndroidManifest.xml:84:13-87:29
270                <action android:name="android.intent.action.BATTERY_OKAY" />
270-->[androidx.work:work-runtime:2.7.0] AndroidManifest.xml:85:17-77
270-->[androidx.work:work-runtime:2.7.0] AndroidManifest.xml:85:25-74
271                <action android:name="android.intent.action.BATTERY_LOW" />
271-->[androidx.work:work-runtime:2.7.0] AndroidManifest.xml:86:17-76
271-->[androidx.work:work-runtime:2.7.0] AndroidManifest.xml:86:25-73
272            </intent-filter>
273        </receiver>
274        <receiver
274-->[androidx.work:work-runtime:2.7.0] AndroidManifest.xml:89:9-99:20
275            android:name="androidx.work.impl.background.systemalarm.ConstraintProxy$StorageNotLowProxy"
275-->[androidx.work:work-runtime:2.7.0] AndroidManifest.xml:90:13-104
276            android:directBootAware="false"
276-->[androidx.work:work-runtime:2.7.0] AndroidManifest.xml:91:13-44
277            android:enabled="false"
277-->[androidx.work:work-runtime:2.7.0] AndroidManifest.xml:92:13-36
278            android:exported="false" >
278-->[androidx.work:work-runtime:2.7.0] AndroidManifest.xml:93:13-37
279            <intent-filter>
279-->[androidx.work:work-runtime:2.7.0] AndroidManifest.xml:95:13-98:29
280                <action android:name="android.intent.action.DEVICE_STORAGE_LOW" />
280-->[androidx.work:work-runtime:2.7.0] AndroidManifest.xml:96:17-83
280-->[androidx.work:work-runtime:2.7.0] AndroidManifest.xml:96:25-80
281                <action android:name="android.intent.action.DEVICE_STORAGE_OK" />
281-->[androidx.work:work-runtime:2.7.0] AndroidManifest.xml:97:17-82
281-->[androidx.work:work-runtime:2.7.0] AndroidManifest.xml:97:25-79
282            </intent-filter>
283        </receiver>
284        <receiver
284-->[androidx.work:work-runtime:2.7.0] AndroidManifest.xml:100:9-109:20